14:39:21.733-[DESKTOP-95ETNH9][sys]-- INFO 34880 --- [           main] com.freerun.media.MediaApplication       : The following 1 profile is active: "dev"
14:39:22.815-[DESKTOP-95ETNH9][sys]-- INFO 34880 --- [           main] o.s.cloud.context.scope.GenericScope     : BeanFactory id=656e621e-a668-3032-a800-5dbd7e8e431c
14:39:22.982-[DESKTOP-95ETNH9][sys]-- INFO 34880 --- [           main] trationDelegate$BeanPostProcessorChecker : Bean 'org.springframework.cloud.commons.config.CommonsConfigAutoConfiguration' of type [org.springframework.cloud.commons.config.CommonsConfigAutoConfiguration] is not eligible for getting processed by all BeanPostProcessors (for example: not eligible for auto-proxying)
14:39:22.985-[DESKTOP-95ETNH9][sys]-- INFO 34880 --- [           main] trationDelegate$BeanPostProcessorChecker : Bean 'org.springframework.cloud.client.loadbalancer.LoadBalancerDefaultMappingsProviderAutoConfiguration' of type [org.springframework.cloud.client.loadbalancer.LoadBalancerDefaultMappingsProviderAutoConfiguration] is not eligible for getting processed by all BeanPostProcessors (for example: not eligible for auto-proxying)
14:39:22.996-[DESKTOP-95ETNH9][sys]-- INFO 34880 --- [           main] trationDelegate$BeanPostProcessorChecker : Bean 'loadBalancerClientsDefaultsMappingsProvider' of type [org.springframework.cloud.client.loadbalancer.LoadBalancerDefaultMappingsProviderAutoConfiguration$$Lambda$571/0x0000000800578c40] is not eligible for getting processed by all BeanPostProcessors (for example: not eligible for auto-proxying)
14:39:22.998-[DESKTOP-95ETNH9][sys]-- INFO 34880 --- [           main] trationDelegate$BeanPostProcessorChecker : Bean 'defaultsBindHandlerAdvisor' of type [org.springframework.cloud.commons.config.DefaultsBindHandlerAdvisor] is not eligible for getting processed by all BeanPostProcessors (for example: not eligible for auto-proxying)
14:39:23.020-[DESKTOP-95ETNH9][sys]-- INFO 34880 --- [           main] trationDelegate$BeanPostProcessorChecker : Bean 'spring.cloud.sentinel-com.alibaba.cloud.sentinel.SentinelProperties' of type [com.alibaba.cloud.sentinel.SentinelProperties] is not eligible for getting processed by all BeanPostProcessors (for example: not eligible for auto-proxying)
14:39:23.023-[DESKTOP-95ETNH9][sys]-- INFO 34880 --- [           main] trationDelegate$BeanPostProcessorChecker : Bean 'com.alibaba.cloud.sentinel.custom.SentinelAutoConfiguration' of type [com.alibaba.cloud.sentinel.custom.SentinelAutoConfiguration] is not eligible for getting processed by all BeanPostProcessors (for example: not eligible for auto-proxying)
14:39:23.218-[DESKTOP-95ETNH9][sys]-- INFO 34880 --- [           main] o.s.b.w.embedded.tomcat.TomcatWebServer  : Tomcat initialized with port(s): 8084 (http)
14:39:23.226-[DESKTOP-95ETNH9][sys]-- INFO 34880 --- [           main] o.apache.catalina.core.StandardService   : Starting service [Tomcat]
14:39:23.226-[DESKTOP-95ETNH9][sys]-- INFO 34880 --- [           main] org.apache.catalina.core.StandardEngine  : Starting Servlet engine: [Apache Tomcat/9.0.65]
14:39:23.339-[DESKTOP-95ETNH9][sys]-- INFO 34880 --- [           main] o.a.c.c.C.[Tomcat].[localhost].[/]       : Initializing Spring embedded WebApplicationContext
14:39:23.339-[DESKTOP-95ETNH9][sys]-- INFO 34880 --- [           main] w.s.c.ServletWebServerApplicationContext : Root WebApplicationContext: initialization completed in 1593 ms
14:39:24.449-[DESKTOP-95ETNH9][sys]-- INFO 34880 --- [           main] o.s.c.openfeign.FeignClientFactoryBean   : For 'course-service' URL not provided. Will try picking an instance via load-balancing.
14:39:24.506-[DESKTOP-95ETNH9][sys]-- INFO 34880 --- [           main] o.s.c.openfeign.FeignClientFactoryBean   : For 'learning-service' URL not provided. Will try picking an instance via load-balancing.
14:39:24.521-[DESKTOP-95ETNH9][sys]-- INFO 34880 --- [           main] o.s.c.openfeign.FeignClientFactoryBean   : For 'user-service' URL not provided. Will try picking an instance via load-balancing.
14:39:24.681-[DESKTOP-95ETNH9][sys]-- INFO 34880 --- [           main] c.a.c.sentinel.SentinelWebMvcConfigurer  : [Sentinel Starter] register SentinelWebInterceptor with urlPatterns: [/**].
14:39:25.009-[DESKTOP-95ETNH9][sys]-- INFO 34880 --- [           main] o.s.c.openfeign.FeignClientFactoryBean   : For 'course-service' URL not provided. Will try picking an instance via load-balancing.
14:39:25.020-[DESKTOP-95ETNH9][sys]-- INFO 34880 --- [           main] o.s.c.openfeign.FeignClientFactoryBean   : For 'auth-service' URL not provided. Will try picking an instance via load-balancing.
14:39:25.422-[DESKTOP-95ETNH9][sys]-- INFO 34880 --- [           main] com.alibaba.nacos.client.naming          : initializer namespace from System Property :null
14:39:25.422-[DESKTOP-95ETNH9][sys]-- INFO 34880 --- [           main] com.alibaba.nacos.client.naming          : initializer namespace from System Environment :null
14:39:25.423-[DESKTOP-95ETNH9][sys]-- INFO 34880 --- [           main] com.alibaba.nacos.client.naming          : initializer namespace from System Property :null
14:39:25.482-[DESKTOP-95ETNH9][sys]-- INFO 34880 --- [           main] o.s.b.w.embedded.tomcat.TomcatWebServer  : Tomcat started on port(s): 8084 (http) with context path ''
14:39:25.485-[DESKTOP-95ETNH9][sys]-- INFO 34880 --- [           main] com.alibaba.nacos.client.naming          : [BEAT] adding beat: BeatInfo{port=8084, ip='8.149.138.1', weight=1.0, serviceName='DEFAULT_GROUP@@media-service', cluster='DEFAULT', metadata={preserved.register.source=SPRING_CLOUD}, scheduled=false, period=5000, stopped=false} to beat map.
14:39:25.485-[DESKTOP-95ETNH9][sys]-- INFO 34880 --- [           main] com.alibaba.nacos.client.naming          : [REGISTER-SERVICE] 3153b4cb-d212-422d-baeb-8f05318137bc registering service DEFAULT_GROUP@@media-service with instance: Instance{instanceId='null', ip='8.149.138.1', port=8084, weight=1.0, healthy=true, enabled=true, ephemeral=true, clusterName='DEFAULT', serviceName='null', metadata={preserved.register.source=SPRING_CLOUD}}
14:39:25.507-[DESKTOP-95ETNH9][sys]-- INFO 34880 --- [           main] c.a.c.n.registry.NacosServiceRegistry    : nacos registry, DEFAULT_GROUP media-service 8.149.138.1:8084 register finished
14:39:25.830-[DESKTOP-95ETNH9][sys]--DEBUG 34880 --- [   scheduling-1] com.freerun.media.task.PullEventTask     : 准备拉取vod事件
14:39:25.832-[DESKTOP-95ETNH9][sys]-- INFO 34880 --- [           main] com.freerun.media.MediaApplication       : Started MediaApplication in 5.586 seconds (JVM running for 6.296)
14:39:25.835-[DESKTOP-95ETNH9][sys]-- INFO 34880 --- [           main] c.a.n.client.config.impl.ClientWorker    : [fixed-8.149.138.1_8848] [subscribe] media-service-dev.yaml+DEFAULT_GROUP
14:39:25.835-[DESKTOP-95ETNH9][sys]-- INFO 34880 --- [           main] c.a.nacos.client.config.impl.CacheData   : [fixed-8.149.138.1_8848] [add-listener] ok, tenant=, dataId=media-service-dev.yaml, group=DEFAULT_GROUP, cnt=1
14:39:25.836-[DESKTOP-95ETNH9][sys]-- INFO 34880 --- [           main] c.a.c.n.refresh.NacosContextRefresher    : listening config: dataId=media-service-dev.yaml, group=DEFAULT_GROUP
14:39:25.836-[DESKTOP-95ETNH9][sys]-- INFO 34880 --- [           main] c.a.n.client.config.impl.ClientWorker    : [fixed-8.149.138.1_8848] [subscribe] media-service+DEFAULT_GROUP
14:39:25.836-[DESKTOP-95ETNH9][sys]-- INFO 34880 --- [           main] c.a.nacos.client.config.impl.CacheData   : [fixed-8.149.138.1_8848] [add-listener] ok, tenant=, dataId=media-service, group=DEFAULT_GROUP, cnt=1
14:39:25.836-[DESKTOP-95ETNH9][sys]-- INFO 34880 --- [           main] c.a.c.n.refresh.NacosContextRefresher    : listening config: dataId=media-service, group=DEFAULT_GROUP
14:39:25.836-[DESKTOP-95ETNH9][sys]-- INFO 34880 --- [           main] c.a.n.client.config.impl.ClientWorker    : [fixed-8.149.138.1_8848] [subscribe] media-service.yaml+DEFAULT_GROUP
14:39:25.836-[DESKTOP-95ETNH9][sys]-- INFO 34880 --- [           main] c.a.nacos.client.config.impl.CacheData   : [fixed-8.149.138.1_8848] [add-listener] ok, tenant=, dataId=media-service.yaml, group=DEFAULT_GROUP, cnt=1
14:39:25.836-[DESKTOP-95ETNH9][sys]-- INFO 34880 --- [           main] c.a.c.n.refresh.NacosContextRefresher    : listening config: dataId=media-service.yaml, group=DEFAULT_GROUP
14:39:25.837-[DESKTOP-95ETNH9][sys]-- INFO 34880 --- [           main] com.freerun.media.MediaApplication       : --/
---------------------------------------------------------------------------------------
	Application 'media-service' is running! Access URLs:
	Local: 		http://localhost:8084
	External: 	http://172.27.168.7:8084
	Profile(s): 	[dev]
---------------------------------------------------------------------------------------
14:39:26.518-[DESKTOP-95ETNH9][sys]-- INFO 34880 --- [.naming.updater] com.alibaba.nacos.client.naming          : new ips(1) service: DEFAULT_GROUP@@media-service@@DEFAULT -> [{"instanceId":"8.149.138.1#8084#DEFAULT#DEFAULT_GROUP@@media-service","ip":"8.149.138.1","port":8084,"weight":1.0,"healthy":true,"enabled":true,"ephemeral":true,"clusterName":"DEFAULT","serviceName":"DEFAULT_GROUP@@media-service","metadata":{"preserved.register.source":"SPRING_CLOUD"},"ipDeleteTimeout":30000,"instanceHeartBeatTimeOut":15000,"instanceHeartBeatInterval":5000}]
14:39:26.532-[DESKTOP-95ETNH9][sys]-- INFO 34880 --- [.naming.updater] com.alibaba.nacos.client.naming          : current ips:(1) service: DEFAULT_GROUP@@media-service@@DEFAULT -> [{"instanceId":"8.149.138.1#8084#DEFAULT#DEFAULT_GROUP@@media-service","ip":"8.149.138.1","port":8084,"weight":1.0,"healthy":true,"enabled":true,"ephemeral":true,"clusterName":"DEFAULT","serviceName":"DEFAULT_GROUP@@media-service","metadata":{"preserved.register.source":"SPRING_CLOUD"},"ipDeleteTimeout":30000,"instanceHeartBeatTimeOut":15000,"instanceHeartBeatInterval":5000}]
14:39:29.131-[DESKTOP-95ETNH9][sys]--DEBUG 34880 --- [   scheduling-1] com.freerun.media.task.PullEventTask     : 暂无event事件
14:39:39.133-[DESKTOP-95ETNH9][sys]--DEBUG 34880 --- [   scheduling-1] com.freerun.media.task.PullEventTask     : 准备拉取vod事件
14:39:42.220-[DESKTOP-95ETNH9][sys]--DEBUG 34880 --- [   scheduling-1] com.freerun.media.task.PullEventTask     : 暂无event事件
14:39:52.223-[DESKTOP-95ETNH9][sys]--DEBUG 34880 --- [   scheduling-1] com.freerun.media.task.PullEventTask     : 准备拉取vod事件
14:39:55.304-[DESKTOP-95ETNH9][sys]--DEBUG 34880 --- [   scheduling-1] com.freerun.media.task.PullEventTask     : 暂无event事件
14:40:05.313-[DESKTOP-95ETNH9][sys]--DEBUG 34880 --- [   scheduling-1] com.freerun.media.task.PullEventTask     : 准备拉取vod事件
14:40:08.391-[DESKTOP-95ETNH9][sys]--DEBUG 34880 --- [   scheduling-1] com.freerun.media.task.PullEventTask     : 暂无event事件
14:40:18.402-[DESKTOP-95ETNH9][sys]--DEBUG 34880 --- [   scheduling-1] com.freerun.media.task.PullEventTask     : 准备拉取vod事件
14:40:21.477-[DESKTOP-95ETNH9][sys]--DEBUG 34880 --- [   scheduling-1] com.freerun.media.task.PullEventTask     : 暂无event事件
14:40:31.483-[DESKTOP-95ETNH9][sys]--DEBUG 34880 --- [   scheduling-1] com.freerun.media.task.PullEventTask     : 准备拉取vod事件
14:40:34.570-[DESKTOP-95ETNH9][sys]--DEBUG 34880 --- [   scheduling-1] com.freerun.media.task.PullEventTask     : 暂无event事件
14:40:44.572-[DESKTOP-95ETNH9][sys]--DEBUG 34880 --- [   scheduling-1] com.freerun.media.task.PullEventTask     : 准备拉取vod事件
14:40:47.654-[DESKTOP-95ETNH9][sys]--DEBUG 34880 --- [   scheduling-1] com.freerun.media.task.PullEventTask     : 暂无event事件
14:40:57.663-[DESKTOP-95ETNH9][sys]--DEBUG 34880 --- [   scheduling-1] com.freerun.media.task.PullEventTask     : 准备拉取vod事件
14:41:00.733-[DESKTOP-95ETNH9][sys]--DEBUG 34880 --- [   scheduling-1] com.freerun.media.task.PullEventTask     : 暂无event事件
14:41:10.737-[DESKTOP-95ETNH9][sys]--DEBUG 34880 --- [   scheduling-1] com.freerun.media.task.PullEventTask     : 准备拉取vod事件
14:41:13.821-[DESKTOP-95ETNH9][sys]--DEBUG 34880 --- [   scheduling-1] com.freerun.media.task.PullEventTask     : 暂无event事件
14:41:23.823-[DESKTOP-95ETNH9][sys]--DEBUG 34880 --- [   scheduling-1] com.freerun.media.task.PullEventTask     : 准备拉取vod事件
14:41:26.908-[DESKTOP-95ETNH9][sys]--DEBUG 34880 --- [   scheduling-1] com.freerun.media.task.PullEventTask     : 暂无event事件
14:41:36.916-[DESKTOP-95ETNH9][sys]--DEBUG 34880 --- [   scheduling-1] com.freerun.media.task.PullEventTask     : 准备拉取vod事件
14:41:40.012-[DESKTOP-95ETNH9][sys]--DEBUG 34880 --- [   scheduling-1] com.freerun.media.task.PullEventTask     : 暂无event事件
14:41:50.016-[DESKTOP-95ETNH9][sys]--DEBUG 34880 --- [   scheduling-1] com.freerun.media.task.PullEventTask     : 准备拉取vod事件
14:41:53.092-[DESKTOP-95ETNH9][sys]--DEBUG 34880 --- [   scheduling-1] com.freerun.media.task.PullEventTask     : 暂无event事件
14:41:54.661-[DESKTOP-95ETNH9][sys]-- WARN 34880 --- [      Thread-14] c.a.nacos.common.notify.NotifyCenter     : [NotifyCenter] Start destroying Publisher
14:41:54.661-[DESKTOP-95ETNH9][sys]-- WARN 34880 --- [       Thread-1] c.a.n.common.http.HttpClientBeanHolder   : [HttpClientBeanHolder] Start destroying common HttpClient
14:41:54.661-[DESKTOP-95ETNH9][sys]-- WARN 34880 --- [      Thread-14] c.a.nacos.common.notify.NotifyCenter     : [NotifyCenter] Destruction of the end
14:41:54.662-[DESKTOP-95ETNH9][sys]-- WARN 34880 --- [       Thread-1] c.a.n.common.http.HttpClientBeanHolder   : [HttpClientBeanHolder] Destruction of the end
14:41:54.818-[DESKTOP-95ETNH9][sys]-- INFO 34880 --- [ionShutdownHook] c.a.c.n.registry.NacosServiceRegistry    : De-registering from Nacos Server now...
14:41:54.818-[DESKTOP-95ETNH9][sys]-- INFO 34880 --- [ionShutdownHook] com.alibaba.nacos.client.naming          : [BEAT] removing beat: DEFAULT_GROUP@@media-service:8.149.138.1:8084 from beat map.
14:41:54.818-[DESKTOP-95ETNH9][sys]-- INFO 34880 --- [ionShutdownHook] com.alibaba.nacos.client.naming          : [DEREGISTER-SERVICE] 3153b4cb-d212-422d-baeb-8f05318137bc deregistering service DEFAULT_GROUP@@media-service with instance: Instance{instanceId='null', ip='8.149.138.1', port=8084, weight=1.0, healthy=true, enabled=true, ephemeral=true, clusterName='DEFAULT', serviceName='null', metadata={}}
14:41:54.843-[DESKTOP-95ETNH9][sys]-- INFO 34880 --- [ionShutdownHook] c.a.c.n.registry.NacosServiceRegistry    : De-registration finished.
14:41:54.843-[DESKTOP-95ETNH9][sys]-- INFO 34880 --- [ionShutdownHook] com.alibaba.nacos.client.naming          : com.alibaba.nacos.client.naming.beat.BeatReactor do shutdown begin
14:41:56.410-[DESKTOP-95ETNH9][sys]-- INFO 34880 --- [ionShutdownHook] com.alibaba.nacos.client.naming          : com.alibaba.nacos.client.naming.beat.BeatReactor do shutdown stop
14:41:56.410-[DESKTOP-95ETNH9][sys]-- INFO 34880 --- [ionShutdownHook] com.alibaba.nacos.client.naming          : com.alibaba.nacos.client.naming.core.HostReactor do shutdown begin
14:41:57.050-[DESKTOP-95ETNH9][sys]-- INFO 34880 --- [.naming.updater] com.alibaba.nacos.client.naming          : removed ips(1) service: DEFAULT_GROUP@@media-service@@DEFAULT -> [{"instanceId":"8.149.138.1#8084#DEFAULT#DEFAULT_GROUP@@media-service","ip":"8.149.138.1","port":8084,"weight":1.0,"healthy":true,"enabled":true,"ephemeral":true,"clusterName":"DEFAULT","serviceName":"DEFAULT_GROUP@@media-service","metadata":{"preserved.register.source":"SPRING_CLOUD"},"ipDeleteTimeout":30000,"instanceHeartBeatTimeOut":15000,"instanceHeartBeatInterval":5000}]
14:41:57.056-[DESKTOP-95ETNH9][sys]-- INFO 34880 --- [.naming.updater] com.alibaba.nacos.client.naming          : current ips:(0) service: DEFAULT_GROUP@@media-service@@DEFAULT -> []
14:41:57.058-[DESKTOP-95ETNH9][sys]-- INFO 34880 --- [ionShutdownHook] com.alibaba.nacos.client.naming          : com.alibaba.nacos.client.naming.core.PushReceiver do shutdown begin
14:42:00.088-[DESKTOP-95ETNH9][sys]-- INFO 34880 --- [ionShutdownHook] com.alibaba.nacos.client.naming          : com.alibaba.nacos.client.naming.core.PushReceiver do shutdown stop
14:42:00.089-[DESKTOP-95ETNH9][sys]-- INFO 34880 --- [ionShutdownHook] com.alibaba.nacos.client.naming          : com.alibaba.nacos.client.naming.backups.FailoverReactor do shutdown begin
14:42:00.090-[DESKTOP-95ETNH9][sys]-- INFO 34880 --- [ionShutdownHook] com.alibaba.nacos.client.naming          : com.alibaba.nacos.client.naming.backups.FailoverReactor do shutdown stop
14:42:00.090-[DESKTOP-95ETNH9][sys]-- INFO 34880 --- [ionShutdownHook] com.alibaba.nacos.client.naming          : com.alibaba.nacos.client.naming.core.HostReactor do shutdown stop
14:42:00.090-[DESKTOP-95ETNH9][sys]-- INFO 34880 --- [ionShutdownHook] com.alibaba.nacos.client.naming          : com.alibaba.nacos.client.naming.net.NamingProxy do shutdown begin
14:42:00.091-[DESKTOP-95ETNH9][sys]-- WARN 34880 --- [ionShutdownHook] com.alibaba.nacos.client.naming          : [NamingHttpClientManager] Start destroying NacosRestTemplate
14:42:00.091-[DESKTOP-95ETNH9][sys]-- WARN 34880 --- [ionShutdownHook] com.alibaba.nacos.client.naming          : [NamingHttpClientManager] Destruction of the end
14:42:00.092-[DESKTOP-95ETNH9][sys]-- INFO 34880 --- [ionShutdownHook] c.a.n.client.identify.CredentialWatcher  : [null] CredentialWatcher is stopped
14:42:00.092-[DESKTOP-95ETNH9][sys]-- INFO 34880 --- [ionShutdownHook] c.a.n.client.identify.CredentialService  : [null] CredentialService is freed
14:42:00.092-[DESKTOP-95ETNH9][sys]-- INFO 34880 --- [ionShutdownHook] com.alibaba.nacos.client.naming          : com.alibaba.nacos.client.naming.net.NamingProxy do shutdown stop
