13:05:31.784-[DESKTOP-95ETNH9][sys]-- INFO 33176 --- [           main] com.freerun.data.DataCenterApplication   : The following 1 profile is active: "dev"
13:05:32.653-[DESKTOP-95ETNH9][sys]-- INFO 33176 --- [           main] .s.d.r.c.RepositoryConfigurationDelegate : Multiple Spring Data modules found, entering strict repository configuration mode
13:05:32.655-[DESKTOP-95ETNH9][sys]-- INFO 33176 --- [           main] .s.d.r.c.RepositoryConfigurationDelegate : Bootstrapping Spring Data Redis repositories in DEFAULT mode.
13:05:32.675-[DESKTOP-95ETNH9][sys]-- INFO 33176 --- [           main] .s.d.r.c.RepositoryConfigurationDelegate : Finished Spring Data repository scanning in 6 ms. Found 0 Redis repository interfaces.
13:05:32.848-[DESKTOP-95ETNH9][sys]-- WARN 33176 --- [           main] o.m.s.mapper.ClassPathMapperScanner      : No MyBatis mapper was found in '[com.freerun.data.mapper]' package. Please check your configuration.
13:05:32.925-[DESKTOP-95ETNH9][sys]-- INFO 33176 --- [           main] o.s.cloud.context.scope.GenericScope     : BeanFactory id=30f7ee6f-a08b-3b47-8279-47a93ffca1a6
13:05:33.117-[DESKTOP-95ETNH9][sys]-- INFO 33176 --- [           main] trationDelegate$BeanPostProcessorChecker : Bean 'org.springframework.cloud.commons.config.CommonsConfigAutoConfiguration' of type [org.springframework.cloud.commons.config.CommonsConfigAutoConfiguration] is not eligible for getting processed by all BeanPostProcessors (for example: not eligible for auto-proxying)
13:05:33.119-[DESKTOP-95ETNH9][sys]-- INFO 33176 --- [           main] trationDelegate$BeanPostProcessorChecker : Bean 'org.springframework.cloud.client.loadbalancer.LoadBalancerDefaultMappingsProviderAutoConfiguration' of type [org.springframework.cloud.client.loadbalancer.LoadBalancerDefaultMappingsProviderAutoConfiguration] is not eligible for getting processed by all BeanPostProcessors (for example: not eligible for auto-proxying)
13:05:33.120-[DESKTOP-95ETNH9][sys]-- INFO 33176 --- [           main] trationDelegate$BeanPostProcessorChecker : Bean 'loadBalancerClientsDefaultsMappingsProvider' of type [org.springframework.cloud.client.loadbalancer.LoadBalancerDefaultMappingsProviderAutoConfiguration$$Lambda$652/0x00000008005efc40] is not eligible for getting processed by all BeanPostProcessors (for example: not eligible for auto-proxying)
13:05:33.122-[DESKTOP-95ETNH9][sys]-- INFO 33176 --- [           main] trationDelegate$BeanPostProcessorChecker : Bean 'defaultsBindHandlerAdvisor' of type [org.springframework.cloud.commons.config.DefaultsBindHandlerAdvisor] is not eligible for getting processed by all BeanPostProcessors (for example: not eligible for auto-proxying)
13:05:33.147-[DESKTOP-95ETNH9][sys]-- INFO 33176 --- [           main] trationDelegate$BeanPostProcessorChecker : Bean 'spring.cloud.sentinel-com.alibaba.cloud.sentinel.SentinelProperties' of type [com.alibaba.cloud.sentinel.SentinelProperties] is not eligible for getting processed by all BeanPostProcessors (for example: not eligible for auto-proxying)
13:05:33.149-[DESKTOP-95ETNH9][sys]-- INFO 33176 --- [           main] trationDelegate$BeanPostProcessorChecker : Bean 'com.alibaba.cloud.sentinel.custom.SentinelAutoConfiguration' of type [com.alibaba.cloud.sentinel.custom.SentinelAutoConfiguration] is not eligible for getting processed by all BeanPostProcessors (for example: not eligible for auto-proxying)
13:05:33.338-[DESKTOP-95ETNH9][sys]-- INFO 33176 --- [           main] o.s.b.w.embedded.tomcat.TomcatWebServer  : Tomcat initialized with port(s): 8093 (http)
13:05:33.345-[DESKTOP-95ETNH9][sys]-- INFO 33176 --- [           main] o.apache.catalina.core.StandardService   : Starting service [Tomcat]
13:05:33.345-[DESKTOP-95ETNH9][sys]-- INFO 33176 --- [           main] org.apache.catalina.core.StandardEngine  : Starting Servlet engine: [Apache Tomcat/9.0.65]
13:05:33.464-[DESKTOP-95ETNH9][sys]-- INFO 33176 --- [           main] o.a.c.c.C.[Tomcat].[localhost].[/]       : Initializing Spring embedded WebApplicationContext
13:05:33.464-[DESKTOP-95ETNH9][sys]-- INFO 33176 --- [           main] w.s.c.ServletWebServerApplicationContext : Root WebApplicationContext: initialization completed in 1669 ms
13:05:34.181-[DESKTOP-95ETNH9][sys]-- INFO 33176 --- [           main] c.a.c.sentinel.SentinelWebMvcConfigurer  : [Sentinel Starter] register SentinelWebInterceptor with urlPatterns: [/**].
13:05:35.122-[DESKTOP-95ETNH9][sys]-- INFO 33176 --- [           main] o.s.c.openfeign.FeignClientFactoryBean   : For 'course-service' URL not provided. Will try picking an instance via load-balancing.
13:05:35.256-[DESKTOP-95ETNH9][sys]-- INFO 33176 --- [           main] o.s.c.openfeign.FeignClientFactoryBean   : For 'auth-service' URL not provided. Will try picking an instance via load-balancing.
13:05:35.382-[DESKTOP-95ETNH9][sys]--DEBUG 33176 --- [           main] c.f.c.a.redisson.RedissonConfig          : 尝试初始化RedissonClient
13:05:35.429-[DESKTOP-95ETNH9][sys]-- INFO 33176 --- [           main] org.redisson.Version                     : Redisson 3.13.6
13:05:35.757-[DESKTOP-95ETNH9][sys]-- INFO 33176 --- [sson-netty-4-13] o.r.c.pool.MasterPubSubConnectionPool    : 1 connections initialized for /8.149.138.1:6379
13:05:35.879-[DESKTOP-95ETNH9][sys]-- INFO 33176 --- [sson-netty-4-19] o.r.c.pool.MasterConnectionPool          : 24 connections initialized for /8.149.138.1:6379
13:05:35.938-[DESKTOP-95ETNH9][sys]-- INFO 33176 --- [           main] c.f.c.autoconfigure.xxljob.XxlJobConfig  : >>>>>>>>>>> xxl-job config init.
13:05:35.938-[DESKTOP-95ETNH9][sys]-- INFO 33176 --- [           main] c.f.c.autoconfigure.xxljob.XxlJobConfig  : >>>>>>>>>>> xxl-job config end.
13:05:36.419-[DESKTOP-95ETNH9][sys]-- INFO 33176 --- [           main] o.s.c.openfeign.FeignClientFactoryBean   : For 'course-service' URL not provided. Will try picking an instance via load-balancing.
13:05:36.433-[DESKTOP-95ETNH9][sys]-- INFO 33176 --- [           main] o.s.c.openfeign.FeignClientFactoryBean   : For 'course-service' URL not provided. Will try picking an instance via load-balancing.
13:05:36.446-[DESKTOP-95ETNH9][sys]-- INFO 33176 --- [           main] o.s.c.openfeign.FeignClientFactoryBean   : For 'course-service' URL not provided. Will try picking an instance via load-balancing.
13:05:36.455-[DESKTOP-95ETNH9][sys]-- INFO 33176 --- [           main] o.s.c.openfeign.FeignClientFactoryBean   : For 'exam-service' URL not provided. Will try picking an instance via load-balancing.
13:05:36.468-[DESKTOP-95ETNH9][sys]-- INFO 33176 --- [           main] o.s.c.openfeign.FeignClientFactoryBean   : For 'learning-service' URL not provided. Will try picking an instance via load-balancing.
13:05:36.477-[DESKTOP-95ETNH9][sys]-- INFO 33176 --- [           main] o.s.c.openfeign.FeignClientFactoryBean   : For 'promotion-service' URL not provided. Will try picking an instance via load-balancing.
13:05:36.488-[DESKTOP-95ETNH9][sys]-- INFO 33176 --- [           main] o.s.c.openfeign.FeignClientFactoryBean   : For 'remark-service' URL not provided. Will try picking an instance via load-balancing.
13:05:36.500-[DESKTOP-95ETNH9][sys]-- INFO 33176 --- [           main] o.s.c.openfeign.FeignClientFactoryBean   : For 'search-service' URL not provided. Will try picking an instance via load-balancing.
13:05:36.511-[DESKTOP-95ETNH9][sys]-- INFO 33176 --- [           main] o.s.c.openfeign.FeignClientFactoryBean   : For 'trade-service' URL not provided. Will try picking an instance via load-balancing.
13:05:36.520-[DESKTOP-95ETNH9][sys]-- INFO 33176 --- [           main] o.s.c.openfeign.FeignClientFactoryBean   : For 'user-service' URL not provided. Will try picking an instance via load-balancing.
13:05:36.586-[DESKTOP-95ETNH9][sys]-- INFO 33176 --- [      Thread-12] com.xxl.job.core.server.EmbedServer      : >>>>>>>>>>> xxl-job remoting server start success, nettype = class com.xxl.job.core.server.EmbedServer, port = 9999
13:05:36.639-[DESKTOP-95ETNH9][sys]-- INFO 33176 --- [           main] com.alibaba.nacos.client.naming          : initializer namespace from System Property :null
13:05:36.640-[DESKTOP-95ETNH9][sys]-- INFO 33176 --- [           main] com.alibaba.nacos.client.naming          : initializer namespace from System Environment :null
13:05:36.640-[DESKTOP-95ETNH9][sys]-- INFO 33176 --- [           main] com.alibaba.nacos.client.naming          : initializer namespace from System Property :null
13:05:36.700-[DESKTOP-95ETNH9][sys]-- INFO 33176 --- [           main] o.s.b.w.embedded.tomcat.TomcatWebServer  : Tomcat started on port(s): 8093 (http) with context path ''
13:05:36.704-[DESKTOP-95ETNH9][sys]-- INFO 33176 --- [           main] com.alibaba.nacos.client.naming          : [BEAT] adding beat: BeatInfo{port=8093, ip='192.168.150.101', weight=1.0, serviceName='DEFAULT_GROUP@@data-service', cluster='DEFAULT', metadata={preserved.register.source=SPRING_CLOUD}, scheduled=false, period=5000, stopped=false} to beat map.
13:05:36.704-[DESKTOP-95ETNH9][sys]-- INFO 33176 --- [           main] com.alibaba.nacos.client.naming          : [REGISTER-SERVICE] 3153b4cb-d212-422d-baeb-8f05318137bc registering service DEFAULT_GROUP@@data-service with instance: Instance{instanceId='null', ip='192.168.150.101', port=8093, weight=1.0, healthy=true, enabled=true, ephemeral=true, clusterName='DEFAULT', serviceName='null', metadata={preserved.register.source=SPRING_CLOUD}}
13:05:36.725-[DESKTOP-95ETNH9][sys]-- INFO 33176 --- [           main] c.a.c.n.registry.NacosServiceRegistry    : nacos registry, DEFAULT_GROUP data-service 192.168.150.101:8093 register finished
13:05:37.064-[DESKTOP-95ETNH9][sys]-- INFO 33176 --- [           main] com.freerun.data.DataCenterApplication   : Started DataCenterApplication in 6.846 seconds (JVM running for 7.67)
13:05:37.067-[DESKTOP-95ETNH9][sys]-- INFO 33176 --- [           main] c.a.n.client.config.impl.ClientWorker    : [fixed-8.149.138.1_8848] [subscribe] data-service.yaml+DEFAULT_GROUP
13:05:37.068-[DESKTOP-95ETNH9][sys]-- INFO 33176 --- [           main] c.a.nacos.client.config.impl.CacheData   : [fixed-8.149.138.1_8848] [add-listener] ok, tenant=, dataId=data-service.yaml, group=DEFAULT_GROUP, cnt=1
13:05:37.068-[DESKTOP-95ETNH9][sys]-- INFO 33176 --- [           main] c.a.c.n.refresh.NacosContextRefresher    : listening config: dataId=data-service.yaml, group=DEFAULT_GROUP
13:05:37.068-[DESKTOP-95ETNH9][sys]-- INFO 33176 --- [           main] c.a.n.client.config.impl.ClientWorker    : [fixed-8.149.138.1_8848] [subscribe] data-service-dev.yaml+DEFAULT_GROUP
13:05:37.068-[DESKTOP-95ETNH9][sys]-- INFO 33176 --- [           main] c.a.nacos.client.config.impl.CacheData   : [fixed-8.149.138.1_8848] [add-listener] ok, tenant=, dataId=data-service-dev.yaml, group=DEFAULT_GROUP, cnt=1
13:05:37.068-[DESKTOP-95ETNH9][sys]-- INFO 33176 --- [           main] c.a.c.n.refresh.NacosContextRefresher    : listening config: dataId=data-service-dev.yaml, group=DEFAULT_GROUP
13:05:37.069-[DESKTOP-95ETNH9][sys]-- INFO 33176 --- [           main] c.a.n.client.config.impl.ClientWorker    : [fixed-8.149.138.1_8848] [subscribe] data-service+DEFAULT_GROUP
13:05:37.069-[DESKTOP-95ETNH9][sys]-- INFO 33176 --- [           main] c.a.nacos.client.config.impl.CacheData   : [fixed-8.149.138.1_8848] [add-listener] ok, tenant=, dataId=data-service, group=DEFAULT_GROUP, cnt=1
13:05:37.069-[DESKTOP-95ETNH9][sys]-- INFO 33176 --- [           main] c.a.c.n.refresh.NacosContextRefresher    : listening config: dataId=data-service, group=DEFAULT_GROUP
13:05:37.069-[DESKTOP-95ETNH9][sys]-- INFO 33176 --- [           main] com.freerun.data.DataCenterApplication   : --/
---------------------------------------------------------------------------------------
	Application 'data-service' is running! Access URLs:
	Local: 		http://localhost:8093
	External: 	http://172.27.168.7:8093
	Profile(s): 	[dev]
---------------------------------------------------------------------------------------
13:05:37.747-[DESKTOP-95ETNH9][sys]-- INFO 33176 --- [.naming.updater] com.alibaba.nacos.client.naming          : new ips(1) service: DEFAULT_GROUP@@data-service@@DEFAULT -> [{"instanceId":"192.168.150.101#8093#DEFAULT#DEFAULT_GROUP@@data-service","ip":"192.168.150.101","port":8093,"weight":1.0,"healthy":true,"enabled":true,"ephemeral":true,"clusterName":"DEFAULT","serviceName":"DEFAULT_GROUP@@data-service","metadata":{"preserved.register.source":"SPRING_CLOUD"},"ipDeleteTimeout":30000,"instanceHeartBeatInterval":5000,"instanceHeartBeatTimeOut":15000}]
13:05:37.761-[DESKTOP-95ETNH9][sys]-- INFO 33176 --- [.naming.updater] com.alibaba.nacos.client.naming          : current ips:(1) service: DEFAULT_GROUP@@data-service@@DEFAULT -> [{"instanceId":"192.168.150.101#8093#DEFAULT#DEFAULT_GROUP@@data-service","ip":"192.168.150.101","port":8093,"weight":1.0,"healthy":true,"enabled":true,"ephemeral":true,"clusterName":"DEFAULT","serviceName":"DEFAULT_GROUP@@data-service","metadata":{"preserved.register.source":"SPRING_CLOUD"},"ipDeleteTimeout":30000,"instanceHeartBeatInterval":5000,"instanceHeartBeatTimeOut":15000}]
13:05:39.607-[DESKTOP-95ETNH9][sys]--ERROR 33176 --- [rRegistryThread] c.xxl.job.core.util.XxlJobRemotingUtil   : connect timed out
java.net.SocketTimeoutException: connect timed out
	at java.base/java.net.PlainSocketImpl.waitForConnect(Native Method) ~[na:na]
	at java.base/java.net.PlainSocketImpl.socketConnect(PlainSocketImpl.java:107) ~[na:na]
	at java.base/java.net.AbstractPlainSocketImpl.doConnect(AbstractPlainSocketImpl.java:412) ~[na:na]
	at java.base/java.net.AbstractPlainSocketImpl.connectToAddress(AbstractPlainSocketImpl.java:255) ~[na:na]
	at java.base/java.net.AbstractPlainSocketImpl.connect(AbstractPlainSocketImpl.java:237) ~[na:na]
	at java.base/java.net.Socket.connect(Socket.java:608) ~[na:na]
	at java.base/sun.net.NetworkClient.doConnect(NetworkClient.java:177) ~[na:na]
	at java.base/sun.net.www.http.HttpClient.openServer(HttpClient.java:510) ~[na:na]
	at java.base/sun.net.www.http.HttpClient.openServer(HttpClient.java:605) ~[na:na]
	at java.base/sun.net.www.http.HttpClient.<init>(HttpClient.java:278) ~[na:na]
	at java.base/sun.net.www.http.HttpClient.New(HttpClient.java:377) ~[na:na]
	at java.base/sun.net.www.http.HttpClient.New(HttpClient.java:398) ~[na:na]
	at java.base/sun.net.www.protocol.http.HttpURLConnection.getNewHttpClient(HttpURLConnection.java:1253) ~[na:na]
	at java.base/sun.net.www.protocol.http.HttpURLConnection.plainConnect0(HttpURLConnection.java:1187) ~[na:na]
	at java.base/sun.net.www.protocol.http.HttpURLConnection.plainConnect(HttpURLConnection.java:1081) ~[na:na]
	at java.base/sun.net.www.protocol.http.HttpURLConnection.connect(HttpURLConnection.java:1015) ~[na:na]
	at com.xxl.job.core.util.XxlJobRemotingUtil.postBody(XxlJobRemotingUtil.java:99) ~[xxl-job-core-2.3.1.jar:na]
	at com.xxl.job.core.biz.client.AdminBizClient.registry(AdminBizClient.java:42) ~[xxl-job-core-2.3.1.jar:na]
	at com.xxl.job.core.thread.ExecutorRegistryThread$1.run(ExecutorRegistryThread.java:48) ~[xxl-job-core-2.3.1.jar:na]
	at java.base/java.lang.Thread.run(Thread.java:834) ~[na:na]
13:05:39.608-[DESKTOP-95ETNH9][sys]-- INFO 33176 --- [rRegistryThread] c.x.j.c.thread.ExecutorRegistryThread    : >>>>>>>>>>> xxl-job registry fail, registryParam:RegistryParam{registryGroup='EXECUTOR', registryKey='data-service', registryValue='http://172.27.168.7:9999/'}, registryResult:ReturnT [code=500, msg=xxl-job remoting error(connect timed out), for url : http://8.149.138.1:8880/xxl-job-admin/api/registry, content=null]
13:05:41.527-[DESKTOP-95ETNH9][sys]-- WARN 33176 --- [       Thread-1] c.a.n.common.http.HttpClientBeanHolder   : [HttpClientBeanHolder] Start destroying common HttpClient
13:05:41.526-[DESKTOP-95ETNH9][sys]-- WARN 33176 --- [      Thread-19] c.a.nacos.common.notify.NotifyCenter     : [NotifyCenter] Start destroying Publisher
13:05:41.527-[DESKTOP-95ETNH9][sys]-- WARN 33176 --- [      Thread-19] c.a.nacos.common.notify.NotifyCenter     : [NotifyCenter] Destruction of the end
13:05:41.527-[DESKTOP-95ETNH9][sys]-- WARN 33176 --- [       Thread-1] c.a.n.common.http.HttpClientBeanHolder   : [HttpClientBeanHolder] Destruction of the end
13:05:41.660-[DESKTOP-95ETNH9][sys]-- INFO 33176 --- [      Thread-12] com.xxl.job.core.server.EmbedServer      : >>>>>>>>>>> xxl-job remoting server stop.
13:05:44.665-[DESKTOP-95ETNH9][sys]--ERROR 33176 --- [rRegistryThread] c.xxl.job.core.util.XxlJobRemotingUtil   : connect timed out
java.net.SocketTimeoutException: connect timed out
	at java.base/java.net.PlainSocketImpl.waitForConnect(Native Method) ~[na:na]
	at java.base/java.net.PlainSocketImpl.socketConnect(PlainSocketImpl.java:107) ~[na:na]
	at java.base/java.net.AbstractPlainSocketImpl.doConnect(AbstractPlainSocketImpl.java:412) ~[na:na]
	at java.base/java.net.AbstractPlainSocketImpl.connectToAddress(AbstractPlainSocketImpl.java:255) ~[na:na]
	at java.base/java.net.AbstractPlainSocketImpl.connect(AbstractPlainSocketImpl.java:237) ~[na:na]
	at java.base/java.net.Socket.connect(Socket.java:608) ~[na:na]
	at java.base/sun.net.NetworkClient.doConnect(NetworkClient.java:177) ~[na:na]
	at java.base/sun.net.www.http.HttpClient.openServer(HttpClient.java:510) ~[na:na]
	at java.base/sun.net.www.http.HttpClient.openServer(HttpClient.java:605) ~[na:na]
	at java.base/sun.net.www.http.HttpClient.<init>(HttpClient.java:278) ~[na:na]
	at java.base/sun.net.www.http.HttpClient.New(HttpClient.java:377) ~[na:na]
	at java.base/sun.net.www.http.HttpClient.New(HttpClient.java:398) ~[na:na]
	at java.base/sun.net.www.protocol.http.HttpURLConnection.getNewHttpClient(HttpURLConnection.java:1253) ~[na:na]
	at java.base/sun.net.www.protocol.http.HttpURLConnection.plainConnect0(HttpURLConnection.java:1187) ~[na:na]
	at java.base/sun.net.www.protocol.http.HttpURLConnection.plainConnect(HttpURLConnection.java:1081) ~[na:na]
	at java.base/sun.net.www.protocol.http.HttpURLConnection.connect(HttpURLConnection.java:1015) ~[na:na]
	at com.xxl.job.core.util.XxlJobRemotingUtil.postBody(XxlJobRemotingUtil.java:99) ~[xxl-job-core-2.3.1.jar:na]
	at com.xxl.job.core.biz.client.AdminBizClient.registryRemove(AdminBizClient.java:47) ~[xxl-job-core-2.3.1.jar:na]
	at com.xxl.job.core.thread.ExecutorRegistryThread$1.run(ExecutorRegistryThread.java:84) ~[xxl-job-core-2.3.1.jar:na]
	at java.base/java.lang.Thread.run(Thread.java:834) ~[na:na]
13:05:44.665-[DESKTOP-95ETNH9][sys]-- INFO 33176 --- [rRegistryThread] c.x.j.c.thread.ExecutorRegistryThread    : >>>>>>>>>>> xxl-job registry-remove fail, registryParam:RegistryParam{registryGroup='EXECUTOR', registryKey='data-service', registryValue='http://172.27.168.7:9999/'}, registryResult:ReturnT [code=500, msg=xxl-job remoting error(connect timed out), for url : http://8.149.138.1:8880/xxl-job-admin/api/registryRemove, content=null]
13:05:44.665-[DESKTOP-95ETNH9][sys]-- INFO 33176 --- [rRegistryThread] c.x.j.c.thread.ExecutorRegistryThread    : >>>>>>>>>>> xxl-job, executor registry thread destroy.
13:05:44.666-[DESKTOP-95ETNH9][sys]-- INFO 33176 --- [ionShutdownHook] com.xxl.job.core.server.EmbedServer      : >>>>>>>>>>> xxl-job remoting server destroy success.
13:05:44.666-[DESKTOP-95ETNH9][sys]-- INFO 33176 --- [FileCleanThread] c.x.j.core.thread.JobLogFileCleanThread  : >>>>>>>>>>> xxl-job, executor JobLogFileCleanThread thread destroy.
13:05:44.667-[DESKTOP-95ETNH9][sys]-- INFO 33176 --- [rCallbackThread] c.x.j.core.thread.TriggerCallbackThread  : >>>>>>>>>>> xxl-job, executor callback thread destroy.
13:05:44.667-[DESKTOP-95ETNH9][sys]-- INFO 33176 --- [      Thread-11] c.x.j.core.thread.TriggerCallbackThread  : >>>>>>>>>>> xxl-job, executor retry callback thread destroy.
13:05:44.708-[DESKTOP-95ETNH9][sys]-- INFO 33176 --- [ionShutdownHook] c.a.c.n.registry.NacosServiceRegistry    : De-registering from Nacos Server now...
13:05:44.708-[DESKTOP-95ETNH9][sys]-- INFO 33176 --- [ionShutdownHook] com.alibaba.nacos.client.naming          : [BEAT] removing beat: DEFAULT_GROUP@@data-service:192.168.150.101:8093 from beat map.
13:05:44.708-[DESKTOP-95ETNH9][sys]-- INFO 33176 --- [ionShutdownHook] com.alibaba.nacos.client.naming          : [DEREGISTER-SERVICE] 3153b4cb-d212-422d-baeb-8f05318137bc deregistering service DEFAULT_GROUP@@data-service with instance: Instance{instanceId='null', ip='192.168.150.101', port=8093, weight=1.0, healthy=true, enabled=true, ephemeral=true, clusterName='DEFAULT', serviceName='null', metadata={}}
13:05:44.728-[DESKTOP-95ETNH9][sys]-- INFO 33176 --- [ionShutdownHook] c.a.c.n.registry.NacosServiceRegistry    : De-registration finished.
13:05:44.729-[DESKTOP-95ETNH9][sys]-- INFO 33176 --- [ionShutdownHook] com.alibaba.nacos.client.naming          : com.alibaba.nacos.client.naming.beat.BeatReactor do shutdown begin
13:05:46.745-[DESKTOP-95ETNH9][sys]-- INFO 33176 --- [ionShutdownHook] com.alibaba.nacos.client.naming          : com.alibaba.nacos.client.naming.beat.BeatReactor do shutdown stop
13:05:46.746-[DESKTOP-95ETNH9][sys]-- INFO 33176 --- [ionShutdownHook] com.alibaba.nacos.client.naming          : com.alibaba.nacos.client.naming.core.HostReactor do shutdown begin
13:05:47.788-[DESKTOP-95ETNH9][sys]-- INFO 33176 --- [.naming.updater] com.alibaba.nacos.client.naming          : removed ips(1) service: DEFAULT_GROUP@@data-service@@DEFAULT -> [{"instanceId":"192.168.150.101#8093#DEFAULT#DEFAULT_GROUP@@data-service","ip":"192.168.150.101","port":8093,"weight":1.0,"healthy":true,"enabled":true,"ephemeral":true,"clusterName":"DEFAULT","serviceName":"DEFAULT_GROUP@@data-service","metadata":{"preserved.register.source":"SPRING_CLOUD"},"ipDeleteTimeout":30000,"instanceHeartBeatInterval":5000,"instanceHeartBeatTimeOut":15000}]
13:05:47.794-[DESKTOP-95ETNH9][sys]-- INFO 33176 --- [.naming.updater] com.alibaba.nacos.client.naming          : current ips:(0) service: DEFAULT_GROUP@@data-service@@DEFAULT -> []
13:05:47.795-[DESKTOP-95ETNH9][sys]-- INFO 33176 --- [ionShutdownHook] com.alibaba.nacos.client.naming          : com.alibaba.nacos.client.naming.core.PushReceiver do shutdown begin
